<?xml version="1.0" encoding="UTF-8"?>
<testsuite xmlns:xsi="http://www.w3.org/2001/XMLSchema-instance" xsi:noNamespaceSchemaLocation="https://maven.apache.org/surefire/maven-surefire-plugin/xsd/surefire-test-report-3.0.xsd" version="3.0" name="TestSuite" time="106.541" tests="4" errors="0" skipped="0" failures="2">
  <properties>
[...]
</properties>
  <testcase name="runScenario[&quot;Mencari User yang ada di halaman Management User&quot;, &quot;Mencari User di Halaman Management User&quot;](1)" classname="com.juaracoding.testing.runners.RunnerTest" time="29.627">
    <system-out><![CDATA[
@Testtombol @positiveSearch @mencariuser
Scenario: Mencari User yang ada di halaman Management User                            &amp#27;[90m# src/test/resources/features/test1-management.feature:6&amp#27;[0m
  &amp#27;[32mGiven &amp#27;[0m&amp#27;[32mAdmin sudah berada di halaman Management User&amp#27;[0m                                 &amp#27;[90m# com.juaracoding.testing.definitions.ButtonTest.Admin_sudah_berada_di_halaman_user()&amp#27;[0m
  &amp#27;[32mWhen &amp#27;[0m&amp#27;[32mAdmin memasukkan data user pada kolom pencarian&amp#27;[0m                                &amp#27;[90m# com.juaracoding.testing.definitions.ButtonTest.Admin_klik_role_button()&amp#27;[0m
  &amp#27;[32mAnd &amp#27;[0m&amp#27;[32mAdmin menekan tombol Search&amp#27;[0m                                                     &amp#27;[90m# com.juaracoding.testing.definitions.ButtonTest.Admin_menekan_tombol_search()&amp#27;[0m
  &amp#27;[32mThen &amp#27;[0m&amp#27;[32mSistem menampilkan data user yang dicari pada tabel di halaman Management User&amp#27;[0m &amp#27;[90m# com.juaracoding.testing.definitions.ButtonTest.Sistem_menampilkan_data_user_yang_dicari_pada_tabel_di_halaman_management_user()&amp#27;[0m
]]></system-out>
  </testcase>
  <testcase name="runScenario[&quot;Mencari User yang tidak ada di halaman Management User&quot;, &quot;Mencari User di Halaman Management User&quot;](2)" classname="com.juaracoding.testing.runners.RunnerTest" time="17.415">
    <failure message="Unable to locate element: //*[@class=&apos;MuiTypography-root MuiTypography-body1 css-1ub5lza&apos; and normalize-space(.)=&apos;Management&apos;]&#10;For documentation on this error, please visit: https://www.selenium.dev/documentation/webdriver/troubleshooting/errors#no-such-element-exception&#10;Build info: version: &apos;4.26.0&apos;, revision: &apos;8ccf0219d7&apos;&#10;System info: os.name: &apos;Windows 11&apos;, os.arch: &apos;amd64&apos;, os.version: &apos;10.0&apos;, java.version: &apos;17.0.16&apos;&#10;Driver info: org.openqa.selenium.firefox.FirefoxDriver&#10;Command: [a56069c2-54b9-439b-9b2f-c33feaa5d25d, findElement {value=//*[@class=&apos;MuiTypography-root MuiTypography-body1 css-1ub5lza&apos; and normalize-space(.)=&apos;Management&apos;], using=xpath}]&#10;Capabilities {acceptInsecureCerts: true, browserName: firefox, browserVersion: 144.0, moz:accessibilityChecks: false, moz:buildID: 20251009125714, moz:geckodriverVersion: 0.36.0, moz:headless: false, moz:platformVersion: 10.0, moz:processID: 16488, moz:profile: C:\Users\tataq\AppData\Loca..., moz:shutdownTimeout: 60000, moz:webdriverClick: true, moz:windowless: false, pageLoadStrategy: normal, platformName: windows, proxy: Proxy(), setWindowRect: true, strictFileInteractability: false, timeouts: {implicit: 0, pageLoad: 300000, script: 30000}, unhandledPromptBehavior: dismiss and notify, userAgent: Mozilla/5.0 (Windows NT 10....}&#10;Session ID: a56069c2-54b9-439b-9b2f-c33feaa5d25d" type="org.openqa.selenium.NoSuchElementException"><![CDATA[org.openqa.selenium.NoSuchElementException: 
Unable to locate element: //*[@class='MuiTypography-root MuiTypography-body1 css-1ub5lza' and normalize-space(.)='Management']
For documentation on this error, please visit: https://www.selenium.dev/documentation/webdriver/troubleshooting/errors#no-such-element-exception
Build info: version: '4.26.0', revision: '8ccf0219d7'
System info: os.name: 'Windows 11', os.arch: 'amd64', os.version: '10.0', java.version: '17.0.16'
Driver info: org.openqa.selenium.firefox.FirefoxDriver
Command: [a56069c2-54b9-439b-9b2f-c33feaa5d25d, findElement {value=//*[@class='MuiTypography-root MuiTypography-body1 css-1ub5lza' and normalize-space(.)='Management'], using=xpath}]
Capabilities {acceptInsecureCerts: true, browserName: firefox, browserVersion: 144.0, moz:accessibilityChecks: false, moz:buildID: 20251009125714, moz:geckodriverVersion: 0.36.0, moz:headless: false, moz:platformVersion: 10.0, moz:processID: 16488, moz:profile: C:\Users\tataq\AppData\Loca..., moz:shutdownTimeout: 60000, moz:webdriverClick: true, moz:windowless: false, pageLoadStrategy: normal, platformName: windows, proxy: Proxy(), setWindowRect: true, strictFileInteractability: false, timeouts: {implicit: 0, pageLoad: 300000, script: 30000}, unhandledPromptBehavior: dismiss and notify, userAgent: Mozilla/5.0 (Windows NT 10....}
Session ID: a56069c2-54b9-439b-9b2f-c33feaa5d25d
	at java.base/jdk.internal.reflect.NativeConstructorAccessorImpl.newInstance0(Native Method)
	at java.base/jdk.internal.reflect.NativeConstructorAccessorImpl.newInstance(NativeConstructorAccessorImpl.java:77)
	at java.base/jdk.internal.reflect.DelegatingConstructorAccessorImpl.newInstance(DelegatingConstructorAccessorImpl.java:45)
	at java.base/java.lang.reflect.Constructor.newInstanceWithCaller(Constructor.java:499)
	at java.base/java.lang.reflect.Constructor.newInstance(Constructor.java:480)
	at org.openqa.selenium.remote.ErrorCodec.decode(ErrorCodec.java:167)
	at org.openqa.selenium.remote.codec.w3c.W3CHttpResponseCodec.decode(W3CHttpResponseCodec.java:138)
	at org.openqa.selenium.remote.codec.w3c.W3CHttpResponseCodec.decode(W3CHttpResponseCodec.java:50)
	at org.openqa.selenium.remote.HttpCommandExecutor.execute(HttpCommandExecutor.java:190)
	at org.openqa.selenium.remote.service.DriverCommandExecutor.invokeExecute(DriverCommandExecutor.java:216)
	at org.openqa.selenium.remote.service.DriverCommandExecutor.execute(DriverCommandExecutor.java:174)
	at org.openqa.selenium.remote.RemoteWebDriver.execute(RemoteWebDriver.java:545)
	at org.openqa.selenium.remote.ElementLocation$ElementFinder$2.findElement(ElementLocation.java:165)
	at org.openqa.selenium.remote.ElementLocation.findElement(ElementLocation.java:59)
	at org.openqa.selenium.remote.RemoteWebDriver.findElement(RemoteWebDriver.java:368)
	at org.openqa.selenium.remote.RemoteWebDriver.findElement(RemoteWebDriver.java:362)
	at com.juaracoding.testing.pages.DashboardPage.managementButtonBy(DashboardPage.java:24)
	at com.juaracoding.testing.definitions.ButtonTest.Admin_sudah_berada_di_halaman_user(ButtonTest.java:36)
	at ✽.Admin sudah berada di halaman Management User(file:///C:/Users/tataq/OneDrive/Dokumen/Bootcamp/SQA24/testing-TA-Hadir/src/test/resources/features/test1-management.feature:15)
]]></failure>
    <system-out><![CDATA[
@Testtombol @negativeSearch @tidakmencariuser
Scenario: Mencari User yang tidak ada di halaman Management User                                 &amp#27;[90m# src/test/resources/features/test1-management.feature:14&amp#27;[0m
  &amp#27;[31mGiven &amp#27;[0m&amp#27;[31mAdmin sudah berada di halaman Management User&amp#27;[0m                                            &amp#27;[90m# com.juaracoding.testing.definitions.ButtonTest.Admin_sudah_berada_di_halaman_user()&amp#27;[0m
      &amp#27;[31morg.openqa.selenium.NoSuchElementException: Unable to locate element: //*[@class='MuiTypography-root MuiTypography-body1 css-1ub5lza' and normalize-space(.)='Management']
For documentation on this error, please visit: https://www.selenium.dev/documentation/webdriver/troubleshooting/errors#no-such-element-exception
Build info: version: '4.26.0', revision: '8ccf0219d7'
System info: os.name: 'Windows 11', os.arch: 'amd64', os.version: '10.0', java.version: '17.0.16'
Driver info: org.openqa.selenium.firefox.FirefoxDriver
Command: [a56069c2-54b9-439b-9b2f-c33feaa5d25d, findElement {value=//*[@class='MuiTypography-root MuiTypography-body1 css-1ub5lza' and normalize-space(.)='Management'], using=xpath}]
Capabilities {acceptInsecureCerts: true, browserName: firefox, browserVersion: 144.0, moz:accessibilityChecks: false, moz:buildID: 20251009125714, moz:geckodriverVersion: 0.36.0, moz:headless: false, moz:platformVersion: 10.0, moz:processID: 16488, moz:profile: C:\Users\tataq\AppData\Loca..., moz:shutdownTimeout: 60000, moz:webdriverClick: true, moz:windowless: false, pageLoadStrategy: normal, platformName: windows, proxy: Proxy(), setWindowRect: true, strictFileInteractability: false, timeouts: {implicit: 0, pageLoad: 300000, script: 30000}, unhandledPromptBehavior: dismiss and notify, userAgent: Mozilla/5.0 (Windows NT 10....}
Session ID: a56069c2-54b9-439b-9b2f-c33feaa5d25d
	at java.base/jdk.internal.reflect.NativeConstructorAccessorImpl.newInstance0(Native Method)
	at java.base/jdk.internal.reflect.NativeConstructorAccessorImpl.newInstance(NativeConstructorAccessorImpl.java:77)
	at java.base/jdk.internal.reflect.DelegatingConstructorAccessorImpl.newInstance(DelegatingConstructorAccessorImpl.java:45)
	at java.base/java.lang.reflect.Constructor.newInstanceWithCaller(Constructor.java:499)
	at java.base/java.lang.reflect.Constructor.newInstance(Constructor.java:480)
	at org.openqa.selenium.remote.ErrorCodec.decode(ErrorCodec.java:167)
	at org.openqa.selenium.remote.codec.w3c.W3CHttpResponseCodec.decode(W3CHttpResponseCodec.java:138)
	at org.openqa.selenium.remote.codec.w3c.W3CHttpResponseCodec.decode(W3CHttpResponseCodec.java:50)
	at org.openqa.selenium.remote.HttpCommandExecutor.execute(HttpCommandExecutor.java:190)
	at org.openqa.selenium.remote.service.DriverCommandExecutor.invokeExecute(DriverCommandExecutor.java:216)
	at org.openqa.selenium.remote.service.DriverCommandExecutor.execute(DriverCommandExecutor.java:174)
	at org.openqa.selenium.remote.RemoteWebDriver.execute(RemoteWebDriver.java:545)
	at org.openqa.selenium.remote.ElementLocation$ElementFinder$2.findElement(ElementLocation.java:165)
	at org.openqa.selenium.remote.ElementLocation.findElement(ElementLocation.java:59)
	at org.openqa.selenium.remote.RemoteWebDriver.findElement(RemoteWebDriver.java:368)
	at org.openqa.selenium.remote.RemoteWebDriver.findElement(RemoteWebDriver.java:362)
	at com.juaracoding.testing.pages.DashboardPage.managementButtonBy(DashboardPage.java:24)
	at com.juaracoding.testing.definitions.ButtonTest.Admin_sudah_berada_di_halaman_user(ButtonTest.java:36)
	at âœ½.Admin sudah berada di halaman Management User(file:///C:/Users/tataq/OneDrive/Dokumen/Bootcamp/SQA24/testing-TA-Hadir/src/test/resources/features/test1-management.feature:15)
&amp#27;[0m
  &amp#27;[36mWhen &amp#27;[0m&amp#27;[36mAdmin memasukkan data user yang tidak terdaftar pada kolom pencarian&amp#27;[0m                      &amp#27;[90m# com.juaracoding.testing.definitions.ButtonTest.admin_memasukkan_data_user_yang_tidak_terdaftar_pada_kolom_pencarian()&amp#27;[0m
  &amp#27;[36mAnd &amp#27;[0m&amp#27;[36mAdmin menekan tombol Search&amp#27;[0m                                                                &amp#27;[90m# com.juaracoding.testing.definitions.ButtonTest.Admin_menekan_tombol_search()&amp#27;[0m
  &amp#27;[36mThen &amp#27;[0m&amp#27;[36mSistem menampilkan informasi bahwa data user tidak ditemukan pada halaman Management User&amp#27;[0m &amp#27;[90m# com.juaracoding.testing.definitions.ButtonTest.sistem_menampilkan_informasi_bahwa_data_user_tidak_ditemukan_pada_halaman_management_user()&amp#27;[0m
]]></system-out>
  </testcase>
  <testcase name="runScenario[&quot;Mereset kolom pencarian di halaman Management User&quot;, &quot;Mencari User di Halaman Management User&quot;](3)" classname="com.juaracoding.testing.runners.RunnerTest" time="25.699">
    <system-out><![CDATA[
@Testtombol @buttonreset @resetpencarianuser
Scenario: Mereset kolom pencarian di halaman Management User                                                     &amp#27;[90m# src/test/resources/features/test1-management.feature:22&amp#27;[0m
  &amp#27;[32mGiven &amp#27;[0m&amp#27;[32mAdmin sudah berada di halaman Management User&amp#27;[0m                                                            &amp#27;[90m# com.juaracoding.testing.definitions.ButtonTest.Admin_sudah_berada_di_halaman_user()&amp#27;[0m
  &amp#27;[32mWhen &amp#27;[0m&amp#27;[32mAdmin memasukkan data user pada kolom pencarian&amp#27;[0m                                                           &amp#27;[90m# com.juaracoding.testing.definitions.ButtonTest.Admin_klik_role_button()&amp#27;[0m
  &amp#27;[32mAnd &amp#27;[0m&amp#27;[32mAdmin menekan tombol Reset&amp#27;[0m                                                                                 &amp#27;[90m# com.juaracoding.testing.definitions.ButtonTest.admin_menekan_tombol_reset()&amp#27;[0m
  &amp#27;[32mThen &amp#27;[0m&amp#27;[32mSistem mengosongkan kolom pencarian dan menampilkan semua data user pada tabel di halaman Management User&amp#27;[0m &amp#27;[90m# com.juaracoding.testing.definitions.ButtonTest.kolom_search_kosong()&amp#27;[0m
]]></system-out>
  </testcase>
  <testcase name="runScenario[&quot;Memfilter user berdasarkan role di halaman Management User&quot;, &quot;Mencari User di Halaman Management User&quot;](4)" classname="com.juaracoding.testing.runners.RunnerTest" time="30.925">
    <failure message="Unable to locate element: //*[normalize-space(.)=&apos;Tes123456&apos;]&#10;For documentation on this error, please visit: https://www.selenium.dev/documentation/webdriver/troubleshooting/errors#no-such-element-exception&#10;Build info: version: &apos;4.26.0&apos;, revision: &apos;8ccf0219d7&apos;&#10;System info: os.name: &apos;Windows 11&apos;, os.arch: &apos;amd64&apos;, os.version: &apos;10.0&apos;, java.version: &apos;17.0.16&apos;&#10;Driver info: org.openqa.selenium.firefox.FirefoxDriver&#10;Command: [9621bc58-053d-4f5f-90e3-df710c7793ba, findElement {value=//*[normalize-space(.)=&apos;Tes123456&apos;], using=xpath}]&#10;Capabilities {acceptInsecureCerts: true, browserName: firefox, browserVersion: 144.0, moz:accessibilityChecks: false, moz:buildID: 20251009125714, moz:geckodriverVersion: 0.36.0, moz:headless: false, moz:platformVersion: 10.0, moz:processID: 15800, moz:profile: C:\Users\tataq\AppData\Loca..., moz:shutdownTimeout: 60000, moz:webdriverClick: true, moz:windowless: false, pageLoadStrategy: normal, platformName: windows, proxy: Proxy(), setWindowRect: true, strictFileInteractability: false, timeouts: {implicit: 0, pageLoad: 300000, script: 30000}, unhandledPromptBehavior: dismiss and notify, userAgent: Mozilla/5.0 (Windows NT 10....}&#10;Session ID: 9621bc58-053d-4f5f-90e3-df710c7793ba" type="org.openqa.selenium.NoSuchElementException"><![CDATA[org.openqa.selenium.NoSuchElementException: 
Unable to locate element: //*[normalize-space(.)='Tes123456']
For documentation on this error, please visit: https://www.selenium.dev/documentation/webdriver/troubleshooting/errors#no-such-element-exception
Build info: version: '4.26.0', revision: '8ccf0219d7'
System info: os.name: 'Windows 11', os.arch: 'amd64', os.version: '10.0', java.version: '17.0.16'
Driver info: org.openqa.selenium.firefox.FirefoxDriver
Command: [9621bc58-053d-4f5f-90e3-df710c7793ba, findElement {value=//*[normalize-space(.)='Tes123456'], using=xpath}]
Capabilities {acceptInsecureCerts: true, browserName: firefox, browserVersion: 144.0, moz:accessibilityChecks: false, moz:buildID: 20251009125714, moz:geckodriverVersion: 0.36.0, moz:headless: false, moz:platformVersion: 10.0, moz:processID: 15800, moz:profile: C:\Users\tataq\AppData\Loca..., moz:shutdownTimeout: 60000, moz:webdriverClick: true, moz:windowless: false, pageLoadStrategy: normal, platformName: windows, proxy: Proxy(), setWindowRect: true, strictFileInteractability: false, timeouts: {implicit: 0, pageLoad: 300000, script: 30000}, unhandledPromptBehavior: dismiss and notify, userAgent: Mozilla/5.0 (Windows NT 10....}
Session ID: 9621bc58-053d-4f5f-90e3-df710c7793ba
	at java.base/jdk.internal.reflect.NativeConstructorAccessorImpl.newInstance0(Native Method)
	at java.base/jdk.internal.reflect.NativeConstructorAccessorImpl.newInstance(NativeConstructorAccessorImpl.java:77)
	at java.base/jdk.internal.reflect.DelegatingConstructorAccessorImpl.newInstance(DelegatingConstructorAccessorImpl.java:45)
	at java.base/java.lang.reflect.Constructor.newInstanceWithCaller(Constructor.java:499)
	at java.base/java.lang.reflect.Constructor.newInstance(Constructor.java:480)
	at org.openqa.selenium.remote.ErrorCodec.decode(ErrorCodec.java:167)
	at org.openqa.selenium.remote.codec.w3c.W3CHttpResponseCodec.decode(W3CHttpResponseCodec.java:138)
	at org.openqa.selenium.remote.codec.w3c.W3CHttpResponseCodec.decode(W3CHttpResponseCodec.java:50)
	at org.openqa.selenium.remote.HttpCommandExecutor.execute(HttpCommandExecutor.java:190)
	at org.openqa.selenium.remote.service.DriverCommandExecutor.invokeExecute(DriverCommandExecutor.java:216)
	at org.openqa.selenium.remote.service.DriverCommandExecutor.execute(DriverCommandExecutor.java:174)
	at org.openqa.selenium.remote.RemoteWebDriver.execute(RemoteWebDriver.java:545)
	at org.openqa.selenium.remote.ElementLocation$ElementFinder$2.findElement(ElementLocation.java:165)
	at org.openqa.selenium.remote.ElementLocation.findElement(ElementLocation.java:59)
	at org.openqa.selenium.remote.RemoteWebDriver.findElement(RemoteWebDriver.java:368)
	at org.openqa.selenium.remote.RemoteWebDriver.findElement(RemoteWebDriver.java:362)
	at com.juaracoding.testing.definitions.ButtonTest.sistem_menampikan_data_sesuai_role(ButtonTest.java:95)
	at ✽.Sistem menampilkan data user sesuai dengan role yang dipilih pada tabel di halaman Management User(file:///C:/Users/tataq/OneDrive/Dokumen/Bootcamp/SQA24/testing-TA-Hadir/src/test/resources/features/test1-management.feature:35)
]]></failure>
    <system-out><![CDATA[
@Testtombol @buttonrole @filterberdasarkanrole
Scenario: Memfilter user berdasarkan role di halaman Management User                                      &amp#27;[90m# src/test/resources/features/test1-management.feature:30&amp#27;[0m
  &amp#27;[32mGiven &amp#27;[0m&amp#27;[32mAdmin sudah berada di halaman Management User&amp#27;[0m                                                     &amp#27;[90m# com.juaracoding.testing.definitions.ButtonTest.Admin_sudah_berada_di_halaman_user()&amp#27;[0m
  &amp#27;[32mWhen &amp#27;[0m&amp#27;[32mAdmin menekan tombol Role dan memilih role yang diinginkan&amp#27;[0m                                         &amp#27;[90m# com.juaracoding.testing.definitions.ButtonTest.admin_menekan_tombol_role()&amp#27;[0m
  &amp#27;[32mAnd &amp#27;[0m&amp#27;[32mAdmin mengisi kolom pencarian dengan data user sesuai role yang dipilih&amp#27;[0m                             &amp#27;[90m# com.juaracoding.testing.definitions.ButtonTest.admin_mengisi_kolom_pencarian_dengan_data_user_sesuai_role_yang_dipilih()&amp#27;[0m
  &amp#27;[32mAnd &amp#27;[0m&amp#27;[32mAdmin menekan tombol Search&amp#27;[0m                                                                         &amp#27;[90m# com.juaracoding.testing.definitions.ButtonTest.Admin_menekan_tombol_search()&amp#27;[0m
  &amp#27;[31mThen &amp#27;[0m&amp#27;[31mSistem menampilkan data user sesuai dengan role yang dipilih pada tabel di halaman Management User&amp#27;[0m &amp#27;[90m# com.juaracoding.testing.definitions.ButtonTest.sistem_menampikan_data_sesuai_role()&amp#27;[0m
      &amp#27;[31morg.openqa.selenium.NoSuchElementException: Unable to locate element: //*[normalize-space(.)='Tes123456']
For documentation on this error, please visit: https://www.selenium.dev/documentation/webdriver/troubleshooting/errors#no-such-element-exception
Build info: version: '4.26.0', revision: '8ccf0219d7'
System info: os.name: 'Windows 11', os.arch: 'amd64', os.version: '10.0', java.version: '17.0.16'
Driver info: org.openqa.selenium.firefox.FirefoxDriver
Command: [9621bc58-053d-4f5f-90e3-df710c7793ba, findElement {value=//*[normalize-space(.)='Tes123456'], using=xpath}]
Capabilities {acceptInsecureCerts: true, browserName: firefox, browserVersion: 144.0, moz:accessibilityChecks: false, moz:buildID: 20251009125714, moz:geckodriverVersion: 0.36.0, moz:headless: false, moz:platformVersion: 10.0, moz:processID: 15800, moz:profile: C:\Users\tataq\AppData\Loca..., moz:shutdownTimeout: 60000, moz:webdriverClick: true, moz:windowless: false, pageLoadStrategy: normal, platformName: windows, proxy: Proxy(), setWindowRect: true, strictFileInteractability: false, timeouts: {implicit: 0, pageLoad: 300000, script: 30000}, unhandledPromptBehavior: dismiss and notify, userAgent: Mozilla/5.0 (Windows NT 10....}
Session ID: 9621bc58-053d-4f5f-90e3-df710c7793ba
	at java.base/jdk.internal.reflect.NativeConstructorAccessorImpl.newInstance0(Native Method)
	at java.base/jdk.internal.reflect.NativeConstructorAccessorImpl.newInstance(NativeConstructorAccessorImpl.java:77)
	at java.base/jdk.internal.reflect.DelegatingConstructorAccessorImpl.newInstance(DelegatingConstructorAccessorImpl.java:45)
	at java.base/java.lang.reflect.Constructor.newInstanceWithCaller(Constructor.java:499)
	at java.base/java.lang.reflect.Constructor.newInstance(Constructor.java:480)
	at org.openqa.selenium.remote.ErrorCodec.decode(ErrorCodec.java:167)
	at org.openqa.selenium.remote.codec.w3c.W3CHttpResponseCodec.decode(W3CHttpResponseCodec.java:138)
	at org.openqa.selenium.remote.codec.w3c.W3CHttpResponseCodec.decode(W3CHttpResponseCodec.java:50)
	at org.openqa.selenium.remote.HttpCommandExecutor.execute(HttpCommandExecutor.java:190)
	at org.openqa.selenium.remote.service.DriverCommandExecutor.invokeExecute(DriverCommandExecutor.java:216)
	at org.openqa.selenium.remote.service.DriverCommandExecutor.execute(DriverCommandExecutor.java:174)
	at org.openqa.selenium.remote.RemoteWebDriver.execute(RemoteWebDriver.java:545)
	at org.openqa.selenium.remote.ElementLocation$ElementFinder$2.findElement(ElementLocation.java:165)
	at org.openqa.selenium.remote.ElementLocation.findElement(ElementLocation.java:59)
	at org.openqa.selenium.remote.RemoteWebDriver.findElement(RemoteWebDriver.java:368)
	at org.openqa.selenium.remote.RemoteWebDriver.findElement(RemoteWebDriver.java:362)
	at com.juaracoding.testing.definitions.ButtonTest.sistem_menampikan_data_sesuai_role(ButtonTest.java:95)
	at âœ½.Sistem menampilkan data user sesuai dengan role yang dipilih pada tabel di halaman Management User(file:///C:/Users/tataq/OneDrive/Dokumen/Bootcamp/SQA24/testing-TA-Hadir/src/test/resources/features/test1-management.feature:35)
&amp#27;[0m
]]></system-out>
  </testcase>
</testsuite>